

***********************************************************************
Fatal NI connect error 12170.

  VERSION INFORMATION:
	TNS for 32-bit Windows: Version 10.2.0.3.0 - Production
	Windows NT TCP/IP NT Protocol Adapter for 32-bit Windows: Version 10.2.0.3.0 - Production
  Time: 12-8月 -2015 12:42:26
  Tracing not turned on.
  Tns error struct:
    ns main err code: 12535
    TNS-12535: TNS: 操作超时
    ns secondary err code: 12560
    nt main err code: 505
    TNS-00505: 操作超时
    nt secondary err code: 60
    nt OS err code: 0
  Client address: (ADDRESS=(PROTOCOL=tcp)(HOST=113.119.205.20)(PORT=1521))


***********************************************************************
Fatal NI connect error 12170.

  VERSION INFORMATION:
	TNS for 32-bit Windows: Version 10.2.0.3.0 - Production
	Windows NT TCP/IP NT Protocol Adapter for 32-bit Windows: Version 10.2.0.3.0 - Production
  Time: 12-8月 -2015 14:26:25
  Tracing not turned on.
  Tns error struct:
    ns main err code: 12535
    TNS-12535: TNS: 操作超时
    ns secondary err code: 12560
    nt main err code: 505
    TNS-00505: 操作超时
    nt secondary err code: 60
    nt OS err code: 0
  Client address: (ADDRESS=(PROTOCOL=tcp)(HOST=113.119.205.20)(PORT=1521))


***********************************************************************
Fatal NI connect error 12170.


***********************************************************************
  VERSION INFORMATION:
	TNS for 32-bit Windows: Version 10.2.0.3.0 - Production
	Windows NT TCP/IP NT Protocol Adapter for 32-bit Windows: Version 10.2.0.3.0 - Production

Fatal NI connect error 12170.


***********************************************************************
Fatal NI connect error 12170.
  Time: 25-8月 -2015 13:05:30

  VERSION INFORMATION:
	TNS for 32-bit Windows: Version 10.2.0.3.0 - Production
	Windows NT TCP/IP NT Protocol Adapter for 32-bit Windows: Version 10.2.0.3.0 - Production
  Tracing not turned on.
  Tns error struct:
    ns main err code: 12535
    

***********************************************************************
Fatal NI connect error 12170.

  VERSION INFORMATION:
	TNS for 32-bit Windows: Version 10.2.0.3.0 - Production
	Windows NT TCP/IP NT Protocol Adapter for 32-bit Windows: Version 10.2.0.3.0 - Production
  Time: 25-8月 -2015 13:05:30
  Time: 25-8月 -2015 13:05:30
  Tracing not turned on.

  VERSION INFORMATION:
	TNS for 32-bit Windows: Version 10.2.0.3.0 - Production
	Windows NT TCP/IP NT Protocol Adapter for 32-bit Windows: Version 10.2.0.3.0 - Production
  Time: 25-8月 -2015 13:05:30
  Tracing not turned on.
  Tns error struct:
    ns main err code: 12535
      Tns error struct:
    ns main err code: 12535
      Tracing not turned on.
  Tns error struct:
    ns main err code: 12535
    TNS-12535: TNS: 操作超时
    ns secondary err code: 12560
    nt main err code: 505
TNS-12535: TNS: 操作超时
TNS-12535: TNS: 操作超时
    ns secondary err code: 12560
    nt main err code: 505
        ns secondary err code: 12560
    nt main err code: 505
TNS-12535: TNS: 操作超时
    ns secondary err code: 12560
    nt main err code: 505
        TNS-00505: 操作超时
    nt secondary err code: 60
    nt OS err code: 0
  Client address: (ADDRESS=(PROTOCOL=tcp)(HOST=183.48.29.228)(PORT=1521))
    TNS-00505: 操作超时
    nt secondary err code: 60
    nt OS err code: 0
  Client address: (ADDRESS=(PROTOCOL=tcp)(HOST=183.48.29.228)(PORT=1521))
TNS-00505: 操作超时
    nt secondary err code: 60
TNS-00505: 操作超时
    nt secondary err code: 60
    nt OS err code: 0
    nt OS err code: 0
  Client address: (ADDRESS=(PROTOCOL=tcp)(HOST=183.48.29.228)(PORT=1521))
  Client address: (ADDRESS=(PROTOCOL=tcp)(HOST=183.48.29.228)(PORT=1521))


***********************************************************************
Fatal NI connect error 12514, connecting to:
 (DESCRIPTION=(ADDRESS=(PROTOCOL=TCP)(HOST=moonlit77.gicp.net)(PORT=1521))(CONNECT_DATA=(SERVICE_NAME=myoracle)(CID=(PROGRAM=D:\Projects\j????\g????????????????\sourceCode\dataImport\Win32\Debug\dataImportor.exe)(HOST=IT-ZH)(USER=moonlit))))


***********************************************************************
Fatal NI connect error 12514, connecting to:
 (DESCRIPTION=(ADDRESS=(PROTOCOL=TCP)(HOST=moonlit77.gicp.net)(PORT=1521))(CONNECT_DATA=(SERVICE_NAME=myoracle)(CID=(PROGRAM=D:\Projects\j????\g????????????????\sourceCode\dataImport\Win32\Debug\dataImportor.exe)(HOST=IT-ZH)(USER=moonlit))))


***********************************************************************
Fatal NI connect error 12514, connecting to:
 (DESCRIPTION=(ADDRESS=(PROTOCOL=TCP)(HOST=moonlit77.gicp.net)(PORT=1521))(CONNECT_DATA=(SERVICE_NAME=myoracle)(CID=(PROGRAM=D:\Projects\j????\g????????????????\sourceCode\dataImport\Win32\Debug\dataImportor.exe)(HOST=IT-ZH)(USER=moonlit))))

  VERSION INFORMATION:
	TNS for 32-bit Windows: Version 10.2.0.3.0 - Production
	Windows NT TCP/IP NT Protocol Adapter for 32-bit Windows: Version 10.2.0.3.0 - Production

  VERSION INFORMATION:
	TNS for 32-bit Windows: Version 10.2.0.3.0 - Production
	Windows NT TCP/IP NT Protocol Adapter for 32-bit Windows: Version 10.2.0.3.0 - Production


***********************************************************************  Time: 28-8月 -2015 09:31:22

Fatal NI connect error 12514, connecting to:
 (DESCRIPTION=(ADDRESS=(PROTOCOL=TCP)(HOST=moonlit77.gicp.net)(PORT=1521))(CONNECT_DATA=(SERVICE_NAME=myoracle)(CID=(PROGRAM=D:\Projects\j????\g????????????????\sourceCode\dataImport\Win32\Debug\dataImportor.exe)(HOST=IT-ZH)(USER=moonlit))))
  Tracing not turned on.

  VERSION INFORMATION:
	TNS for 32-bit Windows: Version 10.2.0.3.0 - Production
	Windows NT TCP/IP NT Protocol Adapter for 32-bit Windows: Version 10.2.0.3.0 - Production
  Tns error struct:
  Time: 28-8月 -2015 09:31:22

  VERSION INFORMATION:
	TNS for 32-bit Windows: Version 10.2.0.3.0 - Production
	Windows NT TCP/IP NT Protocol Adapter for 32-bit Windows: Version 10.2.0.3.0 - Production
  Time: 28-8月 -2015 09:31:22
  Tracing not turned on.
    ns main err code: 12564
  Tns error struct:
    ns main err code: 12564
  Tracing not turned on.
  Tns error struct:
    ns main err code: 12564
      Time: 28-8月 -2015 09:31:22
  Tracing not turned on.
      Tns error struct:
    ns main err code: 12564
        TNS-12564: TNS: 拒绝连接
TNS-12564: TNS: 拒绝连接
TNS-12564: TNS: 拒绝连接
    ns secondary err code: 0
    nt main err code: 0
    nt secondary err code: 0
    nt OS err code: 0
TNS-12564: TNS: 拒绝连接
    ns secondary err code: 0
    ns secondary err code: 0
    nt main err code: 0
    nt main err code: 0
    nt secondary err code: 0
    nt OS err code: 0
    ns secondary err code: 0
    nt main err code: 0
    nt secondary err code: 0
    nt OS err code: 0
    nt secondary err code: 0
    nt OS err code: 0
